<?xml version="1.0" encoding="UTF-8"?>
<!-- Generated by org.testng.reporters.JUnitXMLReporter -->
<testsuite ignored="0" hostname="DESKTOP-HBIDNJF" failures="1" tests="15" name="Test" time="4.297" errors="0" timestamp="2025-09-15T14:38:24 IST">
  <testcase classname="APITest.DefaultTest" name="testGetHealth" time="0.122"/>
  <testcase classname="APITest.DefaultTest" name="testGetHealthInvalidEndpoint" time="0.021"/>
  <testcase classname="APITest.DefaultTest" name="testSignTokengen" time="0.293"/>
  <testcase classname="APITest.DefaultTest" name="testSignTokengenWrongData" time="0.023"/>
  <testcase classname="APITest.DefaultTest" name="testSignUp" time="0.027">
    <failure type="java.lang.AssertionError" message="SignUp failed! expected [200] but found [400]">
      <![CDATA[java.lang.AssertionError: SignUp failed! expected [200] but found [400]
at APITest.DefaultTest.testSignUp(DefaultTest.java:38)
at java.base/java.util.ArrayList.forEach(ArrayList.java:1596)
... Removed 31 stack frames]]>
    </failure>
  </testcase> <!-- testSignUp -->
  <testcase classname="APITest.DefaultTest" name="testSignUpMissingField" time="0.305"/>
  <testcase classname="APITest.BookTest" name="testCreateBook" time="0.039"/>
  <testcase classname="APITest.BookTest" name="testCreateBookMissingFields" time="0.009"/>
  <testcase classname="APITest.BookTest" name="testGetAllBooks" time="0.018"/>
  <testcase classname="APITest.BookTest" name="testGetAllBooksUnauthorized" time="0.017"/>
  <testcase classname="APITest.BookTest" name="testGetBook" time="0.036"/>
  <testcase classname="APITest.BookTest" name="testGetBookNonExistingId" time="0.024"/>
  <testcase classname="APITest.BookTest" name="testUpdateBook" time="0.035"/>
  <testcase classname="APITest.BookTest" name="testUpdateBookInvalidId" time="0.033"/>
  <testcase classname="APITest.BookTest" name="testDeleteBook" time="0.03"/>
</testsuite> <!-- Test -->
