<html>
<head>
<title>TestNG:  Test</title>
<link href="../testng.css" rel="stylesheet" type="text/css" />
<link href="../my-testng.css" rel="stylesheet" type="text/css" />

<style type="text/css">
.log { display: none;} 
.stack-trace { display: none;} 
</style>
<script type="text/javascript">
<!--
function flip(e) {
  current = e.style.display;
  if (current == 'block') {
    e.style.display = 'none';
    return 0;
  }
  else {
    e.style.display = 'block';
    return 1;
  }
}

function toggleBox(szDivId, elem, msg1, msg2)
{
  var res = -1;  if (document.getElementById) {
    res = flip(document.getElementById(szDivId));
  }
  else if (document.all) {
    // this is the way old msie versions work
    res = flip(document.all[szDivId]);
  }
  if(elem) {
    if(res == 0) elem.innerHTML = msg1; else elem.innerHTML = msg2;
  }

}

function toggleAllBoxes() {
  if (document.getElementsByTagName) {
    d = document.getElementsByTagName('div');
    for (i = 0; i < d.length; i++) {
      if (d[i].className == 'log') {
        flip(d[i]);
      }
    }
  }
}

// -->
</script>

</head>
<body>
<h2 align='center'>Test</h2><table border='1' align="center">
<tr>
<td>Tests passed/Failed/Skipped:</td><td>14/1/0</td>
</tr><tr>
<td>Started on:</td><td>Mon Sep 15 14:38:20 IST 2025</td>
</tr>
<tr><td>Total time:</td><td>4 seconds (4297 ms)</td>
</tr><tr>
<td>Included groups:</td><td></td>
</tr><tr>
<td>Excluded groups:</td><td></td>
</tr>
</table><p/>
<small><i>(Hover the method name to see the test class name)</i></small><p/>
<table width='100%' border='1' class='invocation-failed'>
<tr><td colspan='4' align='center'><b>FAILED TESTS</b></td></tr>
<tr><td><b>Test method</b></td>
<td><b>Attribute(s)</b></td>
<td width="30%"><b>Exception</b></td>
<td width="10%"><b>Time (seconds)</b></td>
<td><b>Instance</b></td>
</tr>
<tr>
<td title='APITest.DefaultTest.testSignUp()'><b>testSignUp</b><br>Test class: APITest.DefaultTest<br>Test method: Signup Test</td>
<td><div><pre>java.lang.AssertionError: SignUp failed! expected [200] but found [400]
	at APITest.DefaultTest.testSignUp(DefaultTest.java:38)
	at java.base/java.util.ArrayList.forEach(ArrayList.java:1596)
... Removed 31 stack frames</pre></div><a href='#' onClick='toggleBox("stack-trace748523772", this, "Click to show all stack frames", "Click to hide stack frames")'>Click to show all stack frames</a>
<div class='stack-trace' id='stack-trace748523772'><pre>java.lang.AssertionError: SignUp failed! expected [200] but found [400]
	at org.testng.Assert.fail(Assert.java:111)
	at org.testng.Assert.failNotEquals(Assert.java:1590)
	at org.testng.Assert.assertEqualsImpl(Assert.java:150)
	at org.testng.Assert.assertEquals(Assert.java:132)
	at org.testng.Assert.assertEquals(Assert.java:1431)
	at org.testng.Assert.assertEquals(Assert.java:1395)
	at APITest.DefaultTest.testSignUp(DefaultTest.java:38)
	at java.base/jdk.internal.reflect.DirectMethodHandleAccessor.invoke(DirectMethodHandleAccessor.java:103)
	at java.base/java.lang.reflect.Method.invoke(Method.java:580)
	at org.testng.internal.invokers.MethodInvocationHelper.invokeMethod(MethodInvocationHelper.java:141)
	at org.testng.internal.invokers.TestInvoker.invokeMethod(TestInvoker.java:687)
	at org.testng.internal.invokers.TestInvoker.invokeTestMethod(TestInvoker.java:230)
	at org.testng.internal.invokers.MethodRunner.runInSequence(MethodRunner.java:63)
	at org.testng.internal.invokers.TestInvoker$MethodInvocationAgent.invoke(TestInvoker.java:995)
	at org.testng.internal.invokers.TestInvoker.invokeTestMethods(TestInvoker.java:203)
	at org.testng.internal.invokers.TestMethodWorker.invokeTestMethods(TestMethodWorker.java:154)
	at org.testng.internal.invokers.TestMethodWorker.run(TestMethodWorker.java:134)
	at java.base/java.util.ArrayList.forEach(ArrayList.java:1596)
	at org.testng.TestRunner.privateRun(TestRunner.java:741)
	at org.testng.TestRunner.run(TestRunner.java:616)
	at org.testng.SuiteRunner.runTest(SuiteRunner.java:421)
	at org.testng.SuiteRunner.runSequentially(SuiteRunner.java:413)
	at org.testng.SuiteRunner.privateRun(SuiteRunner.java:373)
	at org.testng.SuiteRunner.run(SuiteRunner.java:312)
	at org.testng.SuiteRunnerWorker.runSuite(SuiteRunnerWorker.java:52)
	at org.testng.SuiteRunnerWorker.run(SuiteRunnerWorker.java:95)
	at org.testng.TestNG.runSuitesSequentially(TestNG.java:1274)
	at org.testng.TestNG.runSuitesLocally(TestNG.java:1208)
	at org.testng.TestNG.runSuites(TestNG.java:1112)
	at org.testng.TestNG.run(TestNG.java:1079)
	at org.testng.remote.AbstractRemoteTestNG.run(AbstractRemoteTestNG.java:115)
	at org.testng.remote.RemoteTestNG.initAndRun(RemoteTestNG.java:293)
	at org.testng.remote.RemoteTestNG.main(RemoteTestNG.java:91)
</pre></div></td>
<td>0</td>
<td>APITest.DefaultTest@673fdbce</td></tr>
</table><p>
<table width='100%' border='1' class='invocation-passed'>
<tr><td colspan='4' align='center'><b>PASSED TESTS</b></td></tr>
<tr><td><b>Test method</b></td>
<td><b>Attribute(s)</b></td>
<td width="30%"><b>Exception</b></td>
<td width="10%"><b>Time (seconds)</b></td>
<td><b>Instance</b></td>
</tr>
<tr>
<td title='APITest.BookTest.testGetAllBooks()'><b>testGetAllBooks</b><br>Test class: APITest.BookTest<br>Test method: Fetch all books</td>
<td></td>
<td>0</td>
<td>APITest.BookTest@6b09fb41</td></tr>
<tr>
<td title='APITest.DefaultTest.testSignTokengen()'><b>testSignTokengen</b><br>Test class: APITest.DefaultTest<br>Test method: Token Gen SignIn</td>
<td></td>
<td>0</td>
<td>APITest.DefaultTest@673fdbce</td></tr>
<tr>
<td title='APITest.BookTest.testGetAllBooksUnauthorized()'><b>testGetAllBooksUnauthorized</b><br>Test class: APITest.BookTest<br>Test method: Unauthrized Token (Negative Test)</td>
<td></td>
<td>0</td>
<td>APITest.BookTest@6b09fb41</td></tr>
<tr>
<td title='APITest.BookTest.testGetBookNonExistingId()'><b>testGetBookNonExistingId</b><br>Test class: APITest.BookTest<br>Test method: Get book with non-existing ID (Negative Test)</td>
<td></td>
<td>0</td>
<td>APITest.BookTest@6b09fb41</td></tr>
<tr>
<td title='APITest.BookTest.testDeleteBook()'><b>testDeleteBook</b><br>Test class: APITest.BookTest<br>Test method: Delete Book</td>
<td></td>
<td>0</td>
<td>APITest.BookTest@6b09fb41</td></tr>
<tr>
<td title='APITest.BookTest.testUpdateBook()'><b>testUpdateBook</b><br>Test class: APITest.BookTest<br>Test method: Update Book</td>
<td></td>
<td>0</td>
<td>APITest.BookTest@6b09fb41</td></tr>
<tr>
<td title='APITest.BookTest.testUpdateBookInvalidId()'><b>testUpdateBookInvalidId</b><br>Test class: APITest.BookTest<br>Test method: Update book with invalid data (Negative Test)</td>
<td></td>
<td>0</td>
<td>APITest.BookTest@6b09fb41</td></tr>
<tr>
<td title='APITest.DefaultTest.testGetHealth()'><b>testGetHealth</b><br>Test class: APITest.DefaultTest<br>Test method: Health Check</td>
<td></td>
<td>0</td>
<td>APITest.DefaultTest@673fdbce</td></tr>
<tr>
<td title='APITest.BookTest.testGetBook()'><b>testGetBook</b><br>Test class: APITest.BookTest<br>Test method: Get Book</td>
<td></td>
<td>0</td>
<td>APITest.BookTest@6b09fb41</td></tr>
<tr>
<td title='APITest.DefaultTest.testGetHealthInvalidEndpoint()'><b>testGetHealthInvalidEndpoint</b><br>Test class: APITest.DefaultTest<br>Test method: Health Check - Invalid Endpoint</td>
<td></td>
<td>0</td>
<td>APITest.DefaultTest@673fdbce</td></tr>
<tr>
<td title='APITest.BookTest.testCreateBook()'><b>testCreateBook</b><br>Test class: APITest.BookTest<br>Test method: Create a new book</td>
<td></td>
<td>0</td>
<td>APITest.BookTest@6b09fb41</td></tr>
<tr>
<td title='APITest.BookTest.testCreateBookMissingFields()'><b>testCreateBookMissingFields</b><br>Test class: APITest.BookTest<br>Test method: Create book with missing mandatory fields (Negative Test)</td>
<td></td>
<td>0</td>
<td>APITest.BookTest@6b09fb41</td></tr>
<tr>
<td title='APITest.DefaultTest.testSignTokengenWrongData()'><b>testSignTokengenWrongData</b><br>Test class: APITest.DefaultTest<br>Test method: Login with Wrong Password</td>
<td></td>
<td>0</td>
<td>APITest.DefaultTest@673fdbce</td></tr>
<tr>
<td title='APITest.DefaultTest.testSignUpMissingField()'><b>testSignUpMissingField</b><br>Test class: APITest.DefaultTest<br>Test method: SignUp with Missing Field</td>
<td></td>
<td>0</td>
<td>APITest.DefaultTest@673fdbce</td></tr>
</table><p>
</body>
</html>